<?xml version="1.0" encoding="UTF-8"?>
<testsuite xmlns:xsi="http://www.w3.org/2001/XMLSchema-instance" xsi:noNamespaceSchemaLocation="https://maven.apache.org/surefire/maven-surefire-plugin/xsd/surefire-test-report-3.0.xsd" version="3.0" name="runners.CucumberTestSuite" time="21.421" tests="3" errors="0" skipped="0" failures="0">
  <properties>
[...]
</properties>
  <testcase name="UI Automation Demonstration Task2" classname="GUI Automation Demonstration" time="9.449">
    <system-out><![CDATA[
Scenario: UI Automation Demonstration Task2                                                    &amp#27;[90m# src/test/resources/features/search/GUIAutomationDemo.feature:4&amp#27;[0m
  &amp#27;[32mGiven &amp#27;[0m&amp#27;[32mI open the NSW motor vehicle stamp duty page&amp#27;[0m                                           &amp#27;[90m# steps.GUIAutomationDemoGlue.i_open_the_nsw_motor_vehicle_stamp_duty_page()&amp#27;[0m
  &amp#27;[32mAnd &amp#27;[0m&amp#27;[32mThe user clicks on Check Online button to assert the subsequent page opens&amp#27;[0m               &amp#27;[90m# steps.GUIAutomationDemoGlue.the_user_clicks_on_check_online_button_to_assert_the_subsequent_page_opens()&amp#27;[0m
  &amp#27;[32mWhen &amp#27;[0m&amp#27;[32mUser clicks on Yes and enter a vehicle amount as &amp#27;[0m&amp#27;[32m&amp#27;[1m"45000"&amp#27;[0m&amp#27;[32m and click the calculate button&amp#27;[0m &amp#27;[90m# steps.GUIAutomationDemoGlue.userClicksOnYesAndEnterAVehicleAmountAsAndClickTheCalculateButton(java.lang.String)&amp#27;[0m
  &amp#27;[32mAnd &amp#27;[0m&amp#27;[32mUser Assert the contents of the popup window&amp#27;[0m                                             &amp#27;[90m# steps.GUIAutomationDemoGlue.user_assert_the_contents_of_the_popup_window()&amp#27;[0m
]]></system-out>
    <system-err><![CDATA[SLF4J: No SLF4J providers were found.
SLF4J: Defaulting to no-operation (NOP) logger implementation
SLF4J: See https://www.slf4j.org/codes.html#noProviders for further details.
Feb 19, 2026 8:05:02 PM org.openqa.selenium.devtools.CdpVersionFinder findNearestMatch
WARNING: Unable to find CDP implementation matching 145
Feb 19, 2026 8:05:03 PM org.openqa.selenium.chromium.ChromiumDriver lambda$new$4
WARNING: Unable to find version of CDP to use for 145.0.7632.109. You may need to include a dependency on a specific version of the CDP using something similar to `org.seleniumhq.selenium:selenium-devtools-v86:4.28.1` where the version ("v86") matches the version of the chromium-based browser you're using and the version number of the artifact is the same as Selenium's.
]]></system-err>
  </testcase>
  <testcase name="Search for Serenity BDD on Google" classname="Google Search" time="2.359">
    <system-out><![CDATA[
Scenario: Search for Serenity BDD on Google &amp#27;[90m# src/test/resources/features/search/SearchGoogle.feature:3&amp#27;[0m
  &amp#27;[32mGiven &amp#27;[0m&amp#27;[32mI open the Google home page&amp#27;[0m         &amp#27;[90m# steps.SearchStepDefinitions.openHomePage()&amp#27;[0m
]]></system-out>
    <system-err><![CDATA[Feb 19, 2026 8:05:11 PM org.openqa.selenium.devtools.CdpVersionFinder findNearestMatch
WARNING: Unable to find CDP implementation matching 145
Feb 19, 2026 8:05:11 PM org.openqa.selenium.chromium.ChromiumDriver lambda$new$4
WARNING: Unable to find version of CDP to use for 145.0.7632.109. You may need to include a dependency on a specific version of the CDP using something similar to `org.seleniumhq.selenium:selenium-devtools-v86:4.28.1` where the version ("v86") matches the version of the chromium-based browser you're using and the version number of the artifact is the same as Selenium's.
]]></system-err>
  </testcase>
  <testcase name="Log in to Web shop demo" classname="Webshop Demo" time="9.012">
    <system-out><![CDATA[
Scenario: Log in to Web shop demo    &amp#27;[90m# src/test/resources/features/search/Webshop.feature:3&amp#27;[0m
  &amp#27;[32mGiven &amp#27;[0m&amp#27;[32mI open the Webshop home page&amp#27;[0m &amp#27;[90m# steps.webshopGlue.i_open_the_webshop_home_page()&amp#27;[0m
  &amp#27;[32mThen &amp#27;[0m&amp#27;[32mI click on the Log in Button&amp#27;[0m  &amp#27;[90m# steps.webshopGlue.i_click_on_the_log_in_button()&amp#27;[0m
  &amp#27;[32mAnd &amp#27;[0m&amp#27;[32menter the credentials&amp#27;[0m          &amp#27;[90m# steps.webshopGlue.enter_the_credentials()&amp#27;[0m
]]></system-out>
    <system-err><![CDATA[Feb 19, 2026 8:05:14 PM org.openqa.selenium.devtools.CdpVersionFinder findNearestMatch
WARNING: Unable to find CDP implementation matching 145
Feb 19, 2026 8:05:14 PM org.openqa.selenium.chromium.ChromiumDriver lambda$new$4
WARNING: Unable to find version of CDP to use for 145.0.7632.109. You may need to include a dependency on a specific version of the CDP using something similar to `org.seleniumhq.selenium:selenium-devtools-v86:4.28.1` where the version ("v86") matches the version of the chromium-based browser you're using and the version number of the artifact is the same as Selenium's.
]]></system-err>
  </testcase>
</testsuite>