<?xml version="1.0" encoding="UTF-8" standalone="no"?><testsuite errors="1" failures="0" name="Webshop Demo" skipped="0" tests="1" time="14.54" timestamp="2026-02-22 01:12:54"><testcase name="Log in to Web shop demo"><error message="Timed out after 2 seconds. Element not found&#10;For documentation on this error, please visit: https://www.selenium.dev/documentation/webdriver/troubleshooting/errors#no-such-element-exception&#10;Build info: version: '4.28.1', revision: '73f5ad48a2'&#10;System info: os.name: 'Windows 11', os.arch: 'amd64', os.version: '10.0', java.version: '22.0.1'&#10;Driver info: driver.version: unknown" type="org.openqa.selenium.NoSuchElementException">Timed out after 2 seconds. Element not found
For documentation on this error, please visit: https://www.selenium.dev/documentation/webdriver/troubleshooting/errors#no-such-element-exception
Build info: version: '4.28.1', revision: '73f5ad48a2'
System info: os.name: 'Windows 11', os.arch: 'amd64', os.version: '10.0', java.version: '22.0.1'
Driver info: driver.version: unknown</error><system-err>Timed out after 2 seconds. Element not found
For documentation on this error, please visit: https://www.selenium.dev/documentation/webdriver/troubleshooting/errors#no-such-element-exception
Build info: version: '4.28.1', revision: '73f5ad48a2'
System info: os.name: 'Windows 11', os.arch: 'amd64', os.version: '10.0', java.version: '22.0.1'
Driver info: driver.version: unknown&#13;
pages.Webshop.Webshop.loginLink(Webshop.java:48)&#13;
steps.webshopSteps.clickLoginLink(webshopSteps.java:20)&#13;
steps.webshopGlue.i_click_on_the_log_in_button(webshopGlue.java:19)&#13;
</system-err></testcase></testsuite>